>Dream id: 1
Output tree : 
(((1,((2,3),4)),(5,6)),(10,(8,9)))
>Dream id: 2
Output tree : 
((((1,3),4),2),((10,(11,(12,9))),((5,6),(7,8))))
>Dream id: 3
Output tree : 
(((1,2),(3,4)),((10,9),((5,6),(7,8))))
>Dream id: 4
Output tree : 
(((1,2),(3,4)),(((10,9),(11,12)),(13,14)))
>Dream id: 5
Output tree : 
(((1,2),(3,4)),((5,6),(7,8)))
>Dream id: 6
Output tree : 
(((1,4),3),2)
>Dream id: 7
Output tree : 
((((1,(3,4)),(2,((5,(7,8)),6))),(((((10,9),12),16),15),((13,14),30))),(((((17,((19,20),21)),18),(22,23)),(((25,26),(27,28)),(29,(31,32)))),((24,(((43,46),45),44)),((33,34),(35,36)))))
>Dream id: 8
Output tree : 
(((((1,2),(3,4)),13),(((10,9),(7,8)),((((11,6),14),12),5))),((15,16),(17,24)))
>Dream id: 9
Output tree : 
((((10,9),(11,12)),(((13,16),14),15)),((((2,3),8),4),((5,6),7)))
>Dream id: 10
Output tree : 
(((1,2),((5,6),(7,8))),((10,9),12))
>Dream id: 11
Output tree : 
((1,(2,3)),(((4,6),7),5))
>Dream id: 12
Output tree : 
((((((((1,(3,4)),17),2),19),(11,16)),20),(((((10,9),12),(5,((6,8),7))),(14,15)),13)),((21,(22,23)),((24,25),26)))
>Dream id: 13
Output tree : 
((((1,2),3),(4,(5,6))),(((10,9),(7,8)),14))
>Dream id: 14
Output tree : 
(((((1,2),4),(((((10,9),12),7),(3,8)),17)),((11,5),6)),((13,(14,15)),(16,(18,19))))
>Dream id: 15
Output tree : 
(((1,2),(3,4)),8)
>Dream id: 16
Output tree : 
((((10,9),(11,12)),(((5,8),7),6)),(3,4))
>Dream id: 17
Output tree : 
(((10,((11,12),13)),(14,15)),((4,((5,6),7)),(8,9)))
>Dream id: 18
Output tree : 
((((((1,4),2),3),(((((12,7),8),6),5),13)),((10,11),9)),(((14,15),(16,17)),((18,19),20)))
>Dream id: 19
Output tree : 
(((1,16),(((10,11),(12,13)),((6,7),(8,9)))),(((14,15),((17,18),(19,20))),(((21,26),25),(23,24))))
>Dream id: 20
Output tree : 
(1,((5,6),(7,(8,9))))
>Dream id: 21
Output tree : 
((((1,3),4),2),(10,(11,12)))
>Dream id: 22
Output tree : 
((1,((3,4),(5,6))),((10,9),(7,8)))
>Dream id: 23
Output tree : 
((((1,3),4),2),(((10,9),(7,8)),(5,6)))
>Dream id: 24
Output tree : 
((((1,2),(3,4)),((5,6),(7,8))),9)
>Dream id: 25
Output tree : 
((((1,2),(3,4)),((5,6),(7,8))),(10,(11,9)))
>Dream id: 26
Output tree : 
((((1,2),((3,4),(5,6))),(((10,11),(12,13)),((7,8),9))),((14,(15,16)),((17,18),(19,20))))
>Dream id: 27
Output tree : 
(((((1,2),15),(3,4)),(((5,8),7),6)),(((10,9),(11,12)),(14,16)))
>Dream id: 28
Output tree : 
(((1,((2,3),4)),(((5,6),8),7)),(((10,12),11),9))
>Dream id: 29
Output tree : 
((((10,(((((11,8),7),4),5),9)),6),((13,14),(((15,18),17),16))),2)
>Dream id: 30
Output tree : 
((((1,((15,9),3)),(10,16)),13),((((14,((5,8),7)),6),2),4))
>Dream id: 31
Output tree : 
(((((1,(3,6)),(10,9)),(11,((12,13),14))),(((15,16),(18,19)),(((20,21),(22,26)),((27,29),(30,31))))),(((32,35),(36,39)),(((((((40,(43,46)),41),45),42),44),8),7)))
>Dream id: 32
Output tree : 
((((1,2),4),(5,7)),((10,11),(12,13)))
>Dream id: 33
Output tree : 
((((10,11),((6,7),(8,9))),4),(((((((17,18),20),21),19),((22,23),26)),((24,25),27)),((28,29),((30,31),((32,33),(34,35))))))
>Dream id: 34
Output tree : 
(((1,(2,3)),((4,5),(6,7))),((12,13),(14,15)))
>Dream id: 35
Output tree : 
(((((10,(12,9)),13),8),11),(((15,18),17),((19,(21,22)),20)))
>Dream id: 36
Output tree : 
((((1,(3,4)),2),7),((10,11),(8,9)))
>Dream id: 37
Output tree : 
((((((((((((((1,((3,4),9)),17),16),5),18),11),21),12),13),15),(6,7)),19),8),(14,20))
>Dream id: 38
Output tree : 
(((1,2),(3,4)),((5,6),(7,8)))
>Dream id: 39
Output tree : 
(((1,2),(3,4)),(((10,((5,7),9)),8),6))
>Dream id: 40
Output tree : 
((1,((2,(3,4)),(5,6))),(((10,(8,9)),7),((11,12),(13,14))))
>Dream id: 41
Output tree : 
(((((1,3),((10,11),(8,9))),(16,2)),4),((12,13),19))
>Dream id: 42
Output tree : 
(1,(4,5))
>Dream id: 43
Output tree : 
(((1,(2,(3,4))),(7,8)),(((10,(((11,9),14),5)),12),13))
>Dream id: 44
Output tree : 
(((((1,(3,4)),2),(5,(6,(7,8)))),((((10,((12,(13,14)),16)),9),15),11)),((((17,18),(19,20)),((21,22),(23,24))),((((25,26),28),27),((29,30),(31,32)))))
>Dream id: 45
Output tree : 
(((1,2),(3,4)),((((((10,(7,9)),13),8),14),11),(22,5)))
>Dream id: 46
Output tree : 
((((13,14),(8,9)),(16,(18,19))),(4,(5,7)))
>Dream id: 47
Output tree : 
((1,(2,(3,4))),((10,9),(5,(6,(7,8)))))
>Dream id: 48
Output tree : 
((((1,2),(3,4)),(5,6)),((10,9),(7,8)))
>Dream id: 49
Output tree : 
(((10,9),(11,12)),(((13,14),15),16))
>Dream id: 50
Output tree : 
(((((10,8),4),5),6),(((14,(((15,16),18),21)),19),7))
>Dream id: 51
Output tree : 
((((10,9),(11,12)),((13,14),15)),(((16,18),17),(((19,20),22),21)))
>Dream id: 52
Output tree : 
((3,4),((5,6),7))
>Dream id: 53
Output tree : 
(((1,2),10),11)
>Dream id: 54
Output tree : 
((1,((3,4),(5,6))),((10,9),(7,8)))
>Dream id: 55
Output tree : 
((((1,((2,3),4)),(5,6)),(13,(14,(15,16)))),((((((17,(19,(21,24))),23),22),20),18),(((25,26),(27,28)),((29,30),(31,32)))))
>Dream id: 56
Output tree : 
(((1,(2,4)),3),((5,6),(7,8)))
>Dream id: 57
Output tree : 
(((1,2),(3,4)),((((12,9),(5,((6,7),8))),(((13,14),(15,16)),(17,(19,20)))),(((21,22),(23,24)),((25,(26,(28,(29,30)))),27))))
>Dream id: 58
Output tree : 
(1,(((13,(15,16)),14),((2,7),8)))
>Dream id: 59
Output tree : 
((((((1,13),2),14),15),(10,9)),((3,((4,5),7)),6))
>Dream id: 60
Output tree : 
((((((1,4),3),2),((5,6),(7,8))),(((10,9),12),(13,((14,16),15)))),((((17,18),23),((24,25),(26,27))),(((28,29),31),33)))
>Dream id: 61
Output tree : 
(1,(3,4))
>Dream id: 62
Output tree : 
((((10,((11,13),12)),17),4),(((((20,23),22),21),((24,25),(26,27))),(((3,((42,((44,(46,47)),45)),43)),(40,41)),(((((32,((36,38),39)),35),34),33),37))))
>Dream id: 63
Output tree : 
(((1,2),3),((5,6),7))
>Dream id: 64
Output tree : 
(((((1,7),8),(5,6)),2),(3,4))
>Dream id: 65
Output tree : 
((10,7),6)
>Dream id: 66
Output tree : 
((((1,(3,4)),(6,7)),12),(10,((((14,(((((((((16,(17,21)),20),25),22),18),24),19),23),28)),2),8),9)))
>Dream id: 67
Output tree : 
(((1,(((2,4),8),5)),7),((11,12),9))
>Dream id: 68
Output tree : 
((((10,(11,12)),13),((3,(4,5)),(6,(7,(8,9))))),(14,15))
>Dream id: 69
Output tree : 
(((1,2),(((3,5),6),4)),(((10,9),(7,8)),(11,12)))
>Dream id: 70
Output tree : 
(((((1,2),4),3),((5,6),(7,8))),(((10,9),11),((12,(14,15)),13)))
>Dream id: 71
Output tree : 
((((1,2),(3,4)),((5,6),8)),((11,((14,15),9)),(16,(((17,19),18),20))))
>Dream id: 72
Output tree : 
(((((1,(2,4)),3),(5,6)),(((10,9),(7,8)),((11,12),13))),(((15,20),16),19))
>Dream id: 73
Output tree : 
((((1,((2,3),4)),((5,6),8)),(((11,12),(13,14)),((15,17),18))),((((19,20),(21,22)),((23,24),(25,26))),((27,28),(29,30))))
>Dream id: 74
Output tree : 
((((1,(3,5)),4),((10,(12,13)),((6,7),(8,9)))),(((14,15),26),(((22,23),25),(27,(((28,31),29),30)))))
>Dream id: 75
Output tree : 
(((((1,2),(3,4)),(5,6)),(13,(14,15))),((23,(24,((27,28),(29,30)))),7))
>Dream id: 76
Output tree : 
(2,(3,4))
